<?xml version="1.0" encoding="UTF-8"?>
<!-- Generated by org.testng.reporters.JUnitXMLReporter -->
<testsuite ignored="2" hostname="DESKTOP-4KLHDHN" failures="0" tests="1" name="Bank Lone" time="0.073" errors="0" timestamp="2024-11-12T16:36:35 IST">
  <testcase classname="intro.HouseLone" name="webAppHouseLone" time="0.011"/>
  <testcase classname="intro.HouseLone" name="restAPIHouseLone" time="0.0">
    <ignored/>
  </testcase> <!-- restAPIHouseLone -->
  <testcase classname="intro.HouseLone" name="mobileAppHouseLone" time="0.0">
    <ignored/>
  </testcase> <!-- mobileAppHouseLone -->
</testsuite> <!-- Bank Lone -->
