<?xml version="1.0" encoding="UTF-8"?>
<!-- Generated by org.testng.reporters.JUnitXMLReporter -->
<testsuite ignored="1" hostname="DESKTOP-4KLHDHN" failures="0" tests="2" name="Car Showroom" time="0.015" errors="0" timestamp="2024-11-12T16:36:35 IST">
  <testcase classname="intro.Car" name="color" time="0.003"/>
  <testcase classname="intro.Car" name="company" time="0.002"/>
  <testcase classname="intro.Car" name="price" time="0.0">
    <ignored/>
  </testcase> <!-- price -->
</testsuite> <!-- Car Showroom -->
