<?xml version="1.0" encoding="UTF-8"?>
<!-- Generated by org.testng.reporters.JUnitXMLReporter -->
<testsuite ignored="1" hostname="DESKTOP-4KLHDHN" failures="0" tests="3" name="Package level" time="0.077" errors="0" timestamp="2024-11-12T17:39:56 IST">
  <testcase classname="intro.HouseLone" name="restAPIHouseLone" time="0.016"/>
  <testcase classname="intro.HouseLone" name="webAppHouseLone" time="0.003"/>
  <testcase classname="intro.Sample" name="run" time="0.003"/>
  <testcase classname="intro.HouseLone" name="mobileAppHouseLone" time="0.0">
    <ignored/>
  </testcase> <!-- mobileAppHouseLone -->
</testsuite> <!-- Package level -->
